{
  "0 debug pnpm:scope": {
    "selected": 1
  },
  "1 error pnpm": {
    "code": "ELIFECYCLE",
    "errno": "ENOENT",
    "syscall": "spawn",
    "file": "sh",
    "pkgid": "intl-tel-input-svelte@0.0.1",
    "stage": "vitebook:dev",
    "script": "vitebook dev",
    "pkgname": "intl-tel-input-svelte",
    "err": {
      "name": "pnpm",
      "message": "intl-tel-input-svelte@0.0.1 vitebook:dev: `vitebook dev`\nspawn ENOENT",
      "code": "ELIFECYCLE",
      "stack": "pnpm: intl-tel-input-svelte@0.0.1 vitebook:dev: `vitebook dev`\nspawn ENOENT\n    at ChildProcess.<anonymous> (/home/welxeor/.local/share/pnpm/global/5/.pnpm/pnpm@7.2.1/node_modules/pnpm/dist/pnpm.cjs:93917:22)\n    at ChildProcess.emit (node:events:390:28)\n    at maybeClose (node:internal/child_process:1064:16)\n    at Process.ChildProcess._handle.onexit (node:internal/child_process:301:5)"
    }
  },
  "2 warn pnpm:global": " Local package.json exists, but node_modules missing, did you mean to install?"
}